<?xml version="1.0" encoding="UTF-8"?>
<testsuite name="racingcar.ApplicationTest" tests="2" skipped="0" failures="0" errors="0" timestamp="2023-08-28T03:12:40" hostname="jihyunMac.local" time="0.844">
  <properties/>
  <testcase name="이름에_대한_예외_처리()" classname="racingcar.ApplicationTest" time="0.067"/>
  <testcase name="전진_정지()" classname="racingcar.ApplicationTest" time="0.775"/>
  <system-out><![CDATA[경주 할 자동차 이름(이름은 쉼표(,) 기준으로 구분)

[ERROR]: 이름은 5자 이하만 가능합니다.
시도할 회수는 몇회인가요?
경주 할 자동차 이름(이름은 쉼표(,) 기준으로 구분)

시도할 회수는 몇회인가요?

실행 결과

pobi : -
woni : 

최종 우승자 : pobi
]]></system-out>
  <system-err><![CDATA[]]></system-err>
</testsuite>
